<?xml version="1.0" encoding="UTF-8"?>
<testng-results skipped="0" failed="0" ignored="0" total="1" passed="1">
  <reporter-output>
  </reporter-output>
  <suite name="Default suite" duration-ms="4742" started-at="2019-06-13T01:48:54Z" finished-at="2019-06-13T01:48:59Z">
    <groups>
    </groups>
    <test name="Default test" duration-ms="4742" started-at="2019-06-13T01:48:54Z" finished-at="2019-06-13T01:48:59Z">
      <class name="com.syntax.lsu.testcases.LoginTestWithOutPageF">
        <test-method status="PASS" signature="setUp()[pri:0, instance:com.syntax.lsu.testcases.LoginTestWithOutPageF@523884b2]" name="setUp" is-config="true" duration-ms="2099" started-at="2019-06-13T01:48:54Z" finished-at="2019-06-13T01:48:56Z">
          <reporter-output>
          </reporter-output>
        </test-method> <!-- setUp -->
        <test-method status="PASS" signature="loginWithOutPf()[pri:0, instance:com.syntax.lsu.testcases.LoginTestWithOutPageF@523884b2]" name="loginWithOutPf" duration-ms="2545" started-at="2019-06-13T01:48:56Z" finished-at="2019-06-13T01:48:59Z">
          <reporter-output>
          </reporter-output>
        </test-method> <!-- loginWithOutPf -->
        <test-method status="PASS" signature="tearDown()[pri:0, instance:com.syntax.lsu.testcases.LoginTestWithOutPageF@523884b2]" name="tearDown" is-config="true" duration-ms="78" started-at="2019-06-13T01:48:59Z" finished-at="2019-06-13T01:48:59Z">
          <reporter-output>
          </reporter-output>
        </test-method> <!-- tearDown -->
      </class> <!-- com.syntax.lsu.testcases.LoginTestWithOutPageF -->
    </test> <!-- Default test -->
  </suite> <!-- Default suite -->
</testng-results>
